time="2025-03-28 09:05:30" level=info msg="===== Entrada de registro en 2025-03-28 09:05:30 ====="
time="2025-03-28 09:05:30" level=info msg="Plugin ejecutado: cluster-health-check"
time="2025-03-28 09:05:30" level=info msg="Salida del plugin: Completed health check of all components"
time="2025-03-28 09:05:30" level=info msg="Salida del plugin:"
time="2025-03-28 10:05:09" level=info msg="===== Entrada de registro en 2025-03-28 10:05:09 ====="
time="2025-03-28 10:05:09" level=info msg="Plugin ejecutado: cluster-health-check"
time="2025-03-28 10:05:09" level=info msg="Salida del plugin: Completed health check of all components"
time="2025-03-28 10:07:23" level=info msg="===== Entrada de registro en 2025-03-28 10:07:23 ====="
time="2025-03-28 10:07:23" level=info msg="Plugin ejecutado: cluster-health-check"
time="2025-03-28 10:07:23" level=info msg="Salida del plugin: checks"
time="2025-03-28 10:08:25" level=info msg="===== Entrada de registro en 2025-03-28 10:08:25 ====="
time="2025-03-28 10:08:25" level=info msg="Plugin ejecutado: cluster-health-check"
time="2025-03-28 10:08:25" level=info msg="Salida del plugin: Completed health check of all components: HealthCheckPlugin.checkCPU, HealthCheckPlugin.checkMemory, HealthCheckPlugin.checkDisk"
time="2025-03-28 10:11:18" level=info msg="===== Entrada de registro en 2025-03-28 10:11:18 ====="
time="2025-03-28 10:11:18" level=info msg="Plugin ejecutado: cluster-health-check"
time="2025-03-28 10:11:18" level=info msg="Salida del plugin: Completed health check of all components: HealthCheckPlugin.checkCPU, HealthCheckPlugin.checkMemory, HealthCheckPlugin.checkDisk"
time="2025-03-28 10:11:18" level=info msg="Verificaciones detectadas:"
time="2025-03-28 10:11:18" level=info msg="  - checkMemory: ejecutado"
time="2025-03-28 10:11:18" level=info msg="  - checkDisk: ejecutado"
time="2025-03-28 10:11:18" level=info msg="  - checkCPU: ejecutado"
time="2025-03-28 10:11:18" level=info msg="Parámetros adicionales:"
time="2025-03-28 10:14:34" level=info msg="===== Entrada de registro en 2025-03-28 10:14:34 ====="
time="2025-03-28 10:14:34" level=info msg="Plugin ejecutado: cluster-health-check"
time="2025-03-28 10:14:34" level=info msg="Salida del plugin: Completed health check of all components: HealthCheckPlugin.checkCPU, HealthCheckPlugin.checkMemory, HealthCheckPlugin.checkDisk"
time="2025-03-28 10:14:34" level=info msg="Parámetros adicionales:"
time="2025-03-28 10:14:46" level=info msg="===== Entrada de registro en 2025-03-28 10:14:46 ====="
time="2025-03-28 10:14:46" level=info msg="Plugin ejecutado: cluster-health-check"
time="2025-03-28 10:14:46" level=info msg="Salida del plugin: Completed health check of all components: HealthCheckPlugin.checkCPU, HealthCheckPlugin.checkMemory, HealthCheckPlugin.checkDisk"
time="2025-03-28 10:14:46" level=info msg="Parámetros adicionales:"
time="2025-03-28 10:16:47" level=info msg="===== Entrada de registro en 2025-03-28 10:16:47 ====="
